Info: constrained 'led[7]' to bel 'X9/Y0/io1'
Info: constrained 'led[6]' to bel 'X6/Y0/io0'
Info: constrained 'led[5]' to bel 'X5/Y0/io0'
Info: constrained 'led[4]' to bel 'X6/Y31/io0'
Info: constrained 'led[3]' to bel 'X5/Y31/io0'
Info: constrained 'led[2]' to bel 'X19/Y0/io1'
Info: constrained 'led[1]' to bel 'X4/Y31/io0'
Info: constrained 'led[0]' to bel 'X13/Y0/io0'

Info: Packing constants..
Info: Packing IOs..
Info: Packing LUT-FFs..
Info:     1821 LCs used as LUT4 only
Info:      215 LCs used as LUT4 and DFF
Info: Packing non-LUT FFs..
Info:      500 LCs used as DFF only
Info: Packing carries..
Info:       36 LCs used as CARRY only
Info: Packing RAMs..
Info: Placing PLLs..
Info: Packing special functions..
Info:   constrained ICESTORM_HFOSC 'OSCInst0_OSC' to X0/Y31/hfosc_1
Info:     Derived frequency constraint of 12.0 MHz for net clk
Info: Promoting globals..
Info: promoting clk_proc (fanout 584)
Info: promoting clk_cpu (fanout 138)
Info: promoting processor.PC.outAddr_SB_DFFE_Q_31_E_SB_LUT4_I3_O [reset] (fanout 42)
Info: promoting processor.id_ex_reg.data_out_SB_DFFSR_Q_9_R [reset] (fanout 32)
Info: promoting data_mem_inst.clk_stall_SB_DFFE_Q_E_SB_LUT4_O_I1_SB_LUT4_I3_O_SB_LUT4_I3_O [cen] (fanout 49)
Info: promoting data_mem_inst.clk_stall_SB_DFFE_Q_E_SB_LUT4_I3_O [cen] (fanout 32)
Info: promoting data_mem_inst.clk_stall_SB_DFFE_Q_E_SB_LUT4_O_I2_SB_LUT4_I2_O [cen] (fanout 32)
Info: Constraining chains...
Info:        7 LCs used to legalise carry chains.
Info: Checksum: 0x28c9bf63

Info: Annotating ports with timing budgets for target frequency 12.00 MHz
Info: Checksum: 0xb8b23e67

Info: Device utilisation:
Info: 	         ICESTORM_LC:  2581/ 5280    48%
Info: 	        ICESTORM_RAM:    28/   30    93%
Info: 	               SB_IO:     8/   96     8%
Info: 	               SB_GB:     8/    8   100%
Info: 	        ICESTORM_PLL:     0/    1     0%
Info: 	         SB_WARMBOOT:     0/    1     0%
Info: 	        ICESTORM_DSP:     0/    8     0%
Info: 	      ICESTORM_HFOSC:     1/    1   100%
Info: 	      ICESTORM_LFOSC:     0/    1     0%
Info: 	              SB_I2C:     0/    2     0%
Info: 	              SB_SPI:     0/    2     0%
Info: 	              IO_I3C:     0/    2     0%
Info: 	         SB_LEDDA_IP:     0/    1     0%
Info: 	         SB_RGBA_DRV:     0/    1     0%
Info: 	      ICESTORM_SPRAM:     0/    4     0%

Info: Placed 10 cells based on constraints.
Info: Creating initial placement for remaining 2616 cells.
Info:   initial placement placed 500/2616 cells
Info:   initial placement placed 1000/2616 cells
Info:   initial placement placed 1500/2616 cells
Info:   initial placement placed 2000/2616 cells
Info:   initial placement placed 2500/2616 cells
Info:   initial placement placed 2616/2616 cells
Info: Initial placement time 1.27s
Info: Running simulated annealing placer.
Info:   at iteration #1: temp = 1.000000, timing cost = 3532, wirelen = 69610
Info:   at iteration #5: temp = 0.062500, timing cost = 3079, wirelen = 67957
Info:   at iteration #10: temp = 0.020503, timing cost = 3691, wirelen = 67313
Info:   at iteration #15: temp = 0.013452, timing cost = 4224, wirelen = 65854
Info:   at iteration #20: temp = 0.008826, timing cost = 4459, wirelen = 66013
Info:   at iteration #25: temp = 0.005212, timing cost = 4887, wirelen = 64839
Info:   at iteration #30: temp = 0.003077, timing cost = 4308, wirelen = 64842
Info:   at iteration #35: temp = 0.002019, timing cost = 3476, wirelen = 65278
Info:   at iteration #40: temp = 0.001325, timing cost = 3793, wirelen = 63042
Info:   at iteration #45: temp = 0.000917, timing cost = 3122, wirelen = 62779
Info:   at iteration #50: temp = 0.000787, timing cost = 4517, wirelen = 62613
Info:   at iteration #55: temp = 0.000609, timing cost = 4367, wirelen = 61810
Info:   at iteration #60: temp = 0.000496, timing cost = 3580, wirelen = 60729
Info:   at iteration #65: temp = 0.000425, timing cost = 3628, wirelen = 60543
Info:   at iteration #70: temp = 0.000364, timing cost = 3865, wirelen = 58848
Info:   at iteration #75: temp = 0.000297, timing cost = 3400, wirelen = 57157
Info:   at iteration #80: temp = 0.000268, timing cost = 3554, wirelen = 55884
Info:   at iteration #85: temp = 0.000230, timing cost = 2658, wirelen = 54402
Info:   at iteration #90: temp = 0.000207, timing cost = 3453, wirelen = 51955
Info:   at iteration #95: temp = 0.000187, timing cost = 3687, wirelen = 50504
Info:   at iteration #100: temp = 0.000178, timing cost = 3428, wirelen = 48182
Info:   at iteration #105: temp = 0.000160, timing cost = 3370, wirelen = 45826
Info:   at iteration #110: temp = 0.000152, timing cost = 3282, wirelen = 44221
Info:   at iteration #115: temp = 0.000138, timing cost = 3675, wirelen = 42543
Info:   at iteration #120: temp = 0.000131, timing cost = 3193, wirelen = 39758
Info:   at iteration #125: temp = 0.000124, timing cost = 3528, wirelen = 37737
Info:   at iteration #130: temp = 0.000118, timing cost = 3095, wirelen = 35995
Info:   at iteration #135: temp = 0.000112, timing cost = 2785, wirelen = 34358
Info:   at iteration #140: temp = 0.000106, timing cost = 2583, wirelen = 33034
Info:   at iteration #145: temp = 0.000101, timing cost = 3005, wirelen = 29841
Info:   at iteration #150: temp = 0.000101, timing cost = 3030, wirelen = 28182
Info:   at iteration #155: temp = 0.000096, timing cost = 3100, wirelen = 27504
Info:   at iteration #160: temp = 0.000091, timing cost = 2942, wirelen = 25702
Info:   at iteration #165: temp = 0.000091, timing cost = 2487, wirelen = 24096
Info: Legalising relative constraints...
Info:     moved 50 cells, 26 unplaced (after legalising chains)
Info:        average distance 0.996569
Info:        maximum distance 2.000000
Info:     moved 76 cells, 0 unplaced (after replacing ripped up cells)
Info:        average distance 2.060997
Info:        maximum distance 11.401754
Info:   at iteration #170: temp = 0.000087, timing cost = 2794, wirelen = 23019
Info:   at iteration #175: temp = 0.000082, timing cost = 2932, wirelen = 21441
Info:   at iteration #180: temp = 0.000078, timing cost = 2497, wirelen = 20345
Info:   at iteration #185: temp = 0.000074, timing cost = 2678, wirelen = 19384
Info:   at iteration #190: temp = 0.000071, timing cost = 2571, wirelen = 18754
Info:   at iteration #195: temp = 0.000067, timing cost = 2429, wirelen = 17811
Info:   at iteration #200: temp = 0.000061, timing cost = 2791, wirelen = 17262
Info:   at iteration #205: temp = 0.000057, timing cost = 2131, wirelen = 16717
Info:   at iteration #210: temp = 0.000052, timing cost = 2921, wirelen = 15868
Info:   at iteration #215: temp = 0.000052, timing cost = 2658, wirelen = 14912
Info:   at iteration #220: temp = 0.000047, timing cost = 2852, wirelen = 14402
Info:   at iteration #225: temp = 0.000042, timing cost = 2820, wirelen = 13984
Info:   at iteration #230: temp = 0.000032, timing cost = 2892, wirelen = 13459
Info:   at iteration #235: temp = 0.000026, timing cost = 2497, wirelen = 12635
Info:   at iteration #240: temp = 0.000021, timing cost = 2633, wirelen = 12088
Info:   at iteration #245: temp = 0.000013, timing cost = 2622, wirelen = 11702
Info:   at iteration #250: temp = 0.000007, timing cost = 2616, wirelen = 11486
Info:   at iteration #255: temp = 0.000003, timing cost = 2638, wirelen = 11420
Info:   at iteration #260: temp = 0.000001, timing cost = 2575, wirelen = 11389
Info:   at iteration #265: temp = 0.000000, timing cost = 2574, wirelen = 11370
Info:   at iteration #270: temp = 0.000000, timing cost = 2573, wirelen = 11361
Info:   at iteration #275: temp = 0.000000, timing cost = 2575, wirelen = 11363
Info:   at iteration #275: temp = 0.000000, timing cost = 2572, wirelen = 11360 
Info: SA placement time 41.05s

Info: Max frequency for clock               'clk': 146.84 MHz (PASS at 12.00 MHz)
Info: Max frequency for clock 'clk_proc_$glb_clk': 16.78 MHz (PASS at 12.00 MHz)
Info: Max frequency for clock  'clk_cpu_$glb_clk': 17.21 MHz (PASS at 12.00 MHz)

Info: Max delay posedge clk               -> posedge clk_proc_$glb_clk: 11.39 ns
Info: Max delay posedge clk_cpu_$glb_clk  -> <async>                  : 7.69 ns
Info: Max delay posedge clk_cpu_$glb_clk  -> posedge clk_proc_$glb_clk: 56.53 ns
Info: Max delay posedge clk_proc_$glb_clk -> posedge clk              : 40.15 ns
Info: Max delay posedge clk_proc_$glb_clk -> posedge clk_cpu_$glb_clk : 61.17 ns

Info: Slack histogram:
Info:  legend: * represents 10 endpoint(s)
Info:          + represents [1,10) endpoint(s)
Info: [ 22167,  25063) |+
Info: [ 25063,  27959) |+
Info: [ 27959,  30855) |+
Info: [ 30855,  33751) |***+
Info: [ 33751,  36647) |***+
Info: [ 36647,  39543) |*+
Info: [ 39543,  42439) | 
Info: [ 42439,  45335) |+
Info: [ 45335,  48231) |+
Info: [ 48231,  51127) |**+
Info: [ 51127,  54023) |***+
Info: [ 54023,  56919) |**********************+
Info: [ 56919,  59815) |*******************+
Info: [ 59815,  62711) |***********+
Info: [ 62711,  65607) |*******************+
Info: [ 65607,  68503) |**************+
Info: [ 68503,  71399) |***************+
Info: [ 71399,  74295) |********************+
Info: [ 74295,  77191) |**********************+
Info: [ 77191,  80087) |************************************************************ 
Info: Checksum: 0x00ae0d6f

Info: Routing..
Info: Setting up routing queue.
Info: Routing 8296 arcs.
Info:            |   (re-)routed arcs  |   delta    | remaining|       time spent     |
Info:    IterCnt |  w/ripup   wo/ripup |  w/r  wo/r |      arcs| batch(sec) total(sec)|
Info:       1000 |       25        974 |   25   974 |      7327|       0.16       0.16|
Info:       2000 |      182       1817 |  157   843 |      6544|       0.21       0.36|
Info:       3000 |      457       2542 |  275   725 |      5974|       0.28       0.64|
Info:       4000 |      801       3198 |  344   656 |      5431|       0.24       0.88|
Info:       5000 |     1138       3861 |  337   663 |      4884|       0.19       1.07|
Info:       6000 |     1276       4723 |  138   862 |      4088|       0.38       1.45|
Info:       7000 |     1446       5553 |  170   830 |      3341|       0.39       1.84|
Info:       8000 |     1772       6227 |  326   674 |      2845|       0.36       2.19|
Info:       9000 |     1961       7038 |  189   811 |      2202|       0.40       2.60|
Info:      10000 |     2241       7758 |  280   720 |      1669|       0.39       2.98|
Info:      11000 |     2643       8356 |  402   598 |      1301|       0.42       3.40|
Info:      12000 |     3061       8938 |  418   582 |      1011|       0.61       4.01|
Info:      13000 |     3465       9534 |  404   596 |       714|       0.51       4.52|
Info:      14000 |     3784      10215 |  319   681 |       209|       0.52       5.04|
Info:      14652 |     4026      10626 |  242   411 |         0|       0.40       5.44|
Info: Routing complete.
Info: Router1 time 5.44s
Info: Checksum: 0xb53462aa

Info: Critical path report for clock 'clk' (posedge -> posedge):
Info: curr total
Info:  1.2  1.2  Source u_block_mem.mem.0.0.0_RAM.RDATA_13
Info:  4.6  5.8    Net out_big[3] budget 81.000000 ns (6,29) -> (20,27)
Info:                Sink inst_out_SB_DFF_Q_28_D_SB_LUT4_O_LC.I2
Info:  1.2  6.9  Setup inst_out_SB_DFF_Q_28_D_SB_LUT4_O_LC.I2
Info: 2.3 ns logic, 4.6 ns routing

Info: Critical path report for clock 'clk_proc_$glb_clk' (posedge -> posedge):
Info: curr total
Info:  1.4  1.4  Source processor.ex_mem_reg.data_out_SB_DFF_Q_DFFLC.O
Info:  1.8  3.2    Net processor.ex_mem_out[154] budget -3.445000 ns (12,4) -> (12,4)
Info:                Sink processor.forwarding_unit.WB_RegWrite_SB_LUT4_I0_O_SB_LUT4_I2_O_SB_LUT4_I1_I2_SB_LUT4_O_I1_SB_LUT4_O_I3_SB_LUT4_O_LC.I0
Info:  1.3  4.4  Source processor.forwarding_unit.WB_RegWrite_SB_LUT4_I0_O_SB_LUT4_I2_O_SB_LUT4_I1_I2_SB_LUT4_O_I1_SB_LUT4_O_I3_SB_LUT4_O_LC.O
Info:  1.8  6.2    Net processor.forwarding_unit.WB_RegWrite_SB_LUT4_I0_O_SB_LUT4_I2_O_SB_LUT4_I1_I2_SB_LUT4_O_I1_SB_LUT4_O_I3 budget -2.510000 ns (12,4) -> (12,4)
Info:                Sink processor.forwarding_unit.WB_RegWrite_SB_LUT4_I0_O_SB_LUT4_I2_O_SB_LUT4_I1_I2_SB_LUT4_O_I1_SB_LUT4_O_LC.I3
Info:  0.9  7.1  Source processor.forwarding_unit.WB_RegWrite_SB_LUT4_I0_O_SB_LUT4_I2_O_SB_LUT4_I1_I2_SB_LUT4_O_I1_SB_LUT4_O_LC.O
Info:  2.8  9.9    Net processor.forwarding_unit.WB_RegWrite_SB_LUT4_I0_O_SB_LUT4_I2_O_SB_LUT4_I1_I2_SB_LUT4_O_I1 budget -3.563000 ns (12,4) -> (15,4)
Info:                Sink processor.forwarding_unit.WB_RegWrite_SB_LUT4_I0_O_SB_LUT4_I2_O_SB_LUT4_I1_I2_SB_LUT4_O_LC.I1
Info:  1.2 11.1  Source processor.forwarding_unit.WB_RegWrite_SB_LUT4_I0_O_SB_LUT4_I2_O_SB_LUT4_I1_I2_SB_LUT4_O_LC.O
Info:  2.4 13.6    Net processor.forwarding_unit.WB_RegWrite_SB_LUT4_I0_O_SB_LUT4_I2_O_SB_LUT4_I1_I2 budget -2.415000 ns (15,4) -> (15,6)
Info:                Sink processor.forwarding_unit.WB_RegWrite_SB_LUT4_I0_O_SB_LUT4_I2_O_SB_LUT4_I1_LC.I2
Info:  1.2 14.8  Source processor.forwarding_unit.WB_RegWrite_SB_LUT4_I0_O_SB_LUT4_I2_O_SB_LUT4_I1_LC.O
Info:  4.2 19.0    Net processor.forwarding_unit.WB_RegWrite_SB_LUT4_I0_O_SB_LUT4_I2_O_SB_LUT4_I1_O budget -1.380000 ns (15,6) -> (16,17)
Info:                Sink data_mem_inst.led_reg_SB_DFFE_Q_4_D_SB_LUT4_O_I3_SB_LUT4_O_LC.I3
Info:  0.9 19.9  Source data_mem_inst.led_reg_SB_DFFE_Q_4_D_SB_LUT4_O_I3_SB_LUT4_O_LC.O
Info:  4.1 24.0    Net data_mem_inst.led_reg_SB_DFFE_Q_4_D_SB_LUT4_O_I3 budget -1.818000 ns (16,17) -> (15,25)
Info:                Sink data_mem_inst.led_reg_SB_DFFE_Q_4_D_SB_LUT4_O_I2_SB_LUT4_I2_1_LC.I3
Info:  0.9 24.9  Source data_mem_inst.led_reg_SB_DFFE_Q_4_D_SB_LUT4_O_I2_SB_LUT4_I2_1_LC.O
Info:  4.2 29.1    Net data_mem_inst.led_reg_SB_DFFE_Q_4_D_SB_LUT4_O_I2_SB_LUT4_I2_1_O budget -2.171000 ns (15,25) -> (12,16)
Info:                Sink data_mem_inst.addr_buf_SB_DFFE_Q_8_D_SB_LUT4_O_I3_SB_LUT4_O_I1_SB_LUT4_O_I3_SB_LUT4_O_I3_SB_LUT4_O_LC.I2
Info:  0.6 29.8  Source data_mem_inst.addr_buf_SB_DFFE_Q_8_D_SB_LUT4_O_I3_SB_LUT4_O_I1_SB_LUT4_O_I3_SB_LUT4_O_I3_SB_LUT4_O_LC.COUT
Info:  0.0 29.8    Net data_mem_inst.addr_buf_SB_DFFE_Q_7_D_SB_LUT4_O_I3_SB_LUT4_O_I1_SB_LUT4_O_I3_SB_LUT4_O_I3_SB_LUT4_O_I3 budget 0.000000 ns (12,16) -> (12,16)
Info:                Sink data_mem_inst.addr_buf_SB_DFFE_Q_7_D_SB_LUT4_O_I3_SB_LUT4_O_I1_SB_LUT4_O_I3_SB_LUT4_O_I3_SB_LUT4_O_LC.CIN
Info:  0.3 30.0  Source data_mem_inst.addr_buf_SB_DFFE_Q_7_D_SB_LUT4_O_I3_SB_LUT4_O_I1_SB_LUT4_O_I3_SB_LUT4_O_I3_SB_LUT4_O_LC.COUT
Info:  0.0 30.0    Net data_mem_inst.addr_buf_SB_DFFE_Q_6_D_SB_LUT4_O_I3_SB_LUT4_O_I1_SB_LUT4_O_I3_SB_LUT4_O_I3_SB_LUT4_O_I3 budget 0.000000 ns (12,16) -> (12,16)
Info:                Sink data_mem_inst.addr_buf_SB_DFFE_Q_6_D_SB_LUT4_O_I3_SB_LUT4_O_I1_SB_LUT4_O_I3_SB_LUT4_O_I3_SB_LUT4_O_LC.CIN
Info:  0.3 30.3  Source data_mem_inst.addr_buf_SB_DFFE_Q_6_D_SB_LUT4_O_I3_SB_LUT4_O_I1_SB_LUT4_O_I3_SB_LUT4_O_I3_SB_LUT4_O_LC.COUT
Info:  0.0 30.3    Net data_mem_inst.addr_buf_SB_DFFE_Q_5_D_SB_LUT4_O_I3_SB_LUT4_O_I1_SB_LUT4_O_I3_SB_LUT4_O_I3_SB_LUT4_O_I3 budget 0.000000 ns (12,16) -> (12,16)
Info:                Sink data_mem_inst.addr_buf_SB_DFFE_Q_5_D_SB_LUT4_O_I3_SB_LUT4_O_I1_SB_LUT4_O_I3_SB_LUT4_O_I3_SB_LUT4_O_LC.CIN
Info:  0.3 30.6  Source data_mem_inst.addr_buf_SB_DFFE_Q_5_D_SB_LUT4_O_I3_SB_LUT4_O_I1_SB_LUT4_O_I3_SB_LUT4_O_I3_SB_LUT4_O_LC.COUT
Info:  0.0 30.6    Net data_mem_inst.addr_buf_SB_DFFE_Q_4_D_SB_LUT4_O_I3_SB_LUT4_O_I2_SB_LUT4_O_I3_SB_LUT4_O_I3_SB_LUT4_O_I3 budget 0.000000 ns (12,16) -> (12,16)
Info:                Sink data_mem_inst.addr_buf_SB_DFFE_Q_4_D_SB_LUT4_O_I3_SB_LUT4_O_I2_SB_LUT4_O_I3_SB_LUT4_O_I3_SB_LUT4_O_LC.CIN
Info:  0.3 30.9  Source data_mem_inst.addr_buf_SB_DFFE_Q_4_D_SB_LUT4_O_I3_SB_LUT4_O_I2_SB_LUT4_O_I3_SB_LUT4_O_I3_SB_LUT4_O_LC.COUT
Info:  0.6 31.4    Net data_mem_inst.addr_buf_SB_DFFE_Q_3_D_SB_LUT4_O_I3_SB_LUT4_O_I2_SB_LUT4_O_I3_SB_LUT4_O_I3_SB_LUT4_O_I3 budget 0.560000 ns (12,16) -> (12,17)
Info:                Sink data_mem_inst.addr_buf_SB_DFFE_Q_3_D_SB_LUT4_O_I3_SB_LUT4_O_I2_SB_LUT4_O_I3_SB_LUT4_O_I3_SB_LUT4_O_LC.CIN
Info:  0.3 31.7  Source data_mem_inst.addr_buf_SB_DFFE_Q_3_D_SB_LUT4_O_I3_SB_LUT4_O_I2_SB_LUT4_O_I3_SB_LUT4_O_I3_SB_LUT4_O_LC.COUT
Info:  0.0 31.7    Net data_mem_inst.addr_buf_SB_DFFE_Q_2_D_SB_LUT4_O_I3_SB_LUT4_O_I1_SB_LUT4_O_I3_SB_LUT4_O_I3_SB_LUT4_O_I3 budget 0.000000 ns (12,17) -> (12,17)
Info:                Sink data_mem_inst.addr_buf_SB_DFFE_Q_2_D_SB_LUT4_O_I3_SB_LUT4_O_I1_SB_LUT4_O_I3_SB_LUT4_O_I3_SB_LUT4_O_LC.CIN
Info:  0.3 32.0  Source data_mem_inst.addr_buf_SB_DFFE_Q_2_D_SB_LUT4_O_I3_SB_LUT4_O_I1_SB_LUT4_O_I3_SB_LUT4_O_I3_SB_LUT4_O_LC.COUT
Info:  0.0 32.0    Net data_mem_inst.addr_buf_SB_DFFE_Q_1_D_SB_LUT4_O_I3_SB_LUT4_O_I1_SB_LUT4_O_I3_SB_LUT4_O_I3_SB_LUT4_O_I3 budget 0.000000 ns (12,17) -> (12,17)
Info:                Sink data_mem_inst.addr_buf_SB_DFFE_Q_1_D_SB_LUT4_O_I3_SB_LUT4_O_I1_SB_LUT4_O_I3_SB_LUT4_O_I3_SB_LUT4_O_LC.CIN
Info:  0.3 32.3  Source data_mem_inst.addr_buf_SB_DFFE_Q_1_D_SB_LUT4_O_I3_SB_LUT4_O_I1_SB_LUT4_O_I3_SB_LUT4_O_I3_SB_LUT4_O_LC.COUT
Info:  0.0 32.3    Net data_mem_inst.addr_buf_SB_DFFE_Q_D_SB_LUT4_O_I3_SB_LUT4_O_I2_SB_LUT4_O_I3_SB_LUT4_O_I2_SB_LUT4_O_I3 budget 0.000000 ns (12,17) -> (12,17)
Info:                Sink data_mem_inst.addr_buf_SB_DFFE_Q_D_SB_LUT4_O_I3_SB_LUT4_O_I2_SB_LUT4_O_I3_SB_LUT4_O_I2_SB_LUT4_O_LC.CIN
Info:  0.3 32.5  Source data_mem_inst.addr_buf_SB_DFFE_Q_D_SB_LUT4_O_I3_SB_LUT4_O_I2_SB_LUT4_O_I3_SB_LUT4_O_I2_SB_LUT4_O_LC.COUT
Info:  0.0 32.5    Net processor.ex_mem_reg.data_out_SB_DFF_Q_68_D_SB_LUT4_O_I3_SB_LUT4_O_I3_SB_LUT4_O_I2_SB_LUT4_O_I3_SB_LUT4_O_I3 budget 0.000000 ns (12,17) -> (12,17)
Info:                Sink processor.ex_mem_reg.data_out_SB_DFF_Q_68_D_SB_LUT4_O_I3_SB_LUT4_O_I3_SB_LUT4_O_I2_SB_LUT4_O_I3_SB_LUT4_O_LC.CIN
Info:  0.3 32.8  Source processor.ex_mem_reg.data_out_SB_DFF_Q_68_D_SB_LUT4_O_I3_SB_LUT4_O_I3_SB_LUT4_O_I2_SB_LUT4_O_I3_SB_LUT4_O_LC.COUT
Info:  0.0 32.8    Net processor.ex_mem_reg.data_out_SB_DFF_Q_67_D_SB_LUT4_O_I3_SB_LUT4_O_I2_SB_LUT4_O_I3_SB_LUT4_O_I3_SB_LUT4_O_I3 budget 0.000000 ns (12,17) -> (12,17)
Info:                Sink processor.ex_mem_reg.data_out_SB_DFF_Q_67_D_SB_LUT4_O_I3_SB_LUT4_O_I2_SB_LUT4_O_I3_SB_LUT4_O_I3_SB_LUT4_O_LC.CIN
Info:  0.3 33.1  Source processor.ex_mem_reg.data_out_SB_DFF_Q_67_D_SB_LUT4_O_I3_SB_LUT4_O_I2_SB_LUT4_O_I3_SB_LUT4_O_I3_SB_LUT4_O_LC.COUT
Info:  0.0 33.1    Net processor.ex_mem_reg.data_out_SB_DFF_Q_65_D_SB_LUT4_O_I3_SB_LUT4_O_I2_SB_LUT4_O_I3_SB_CARRY_CO_CI budget 0.000000 ns (12,17) -> (12,17)
Info:                Sink processor.ex_mem_reg.data_out_SB_DFF_Q_66_D_SB_LUT4_O_I3_SB_LUT4_O_I2_SB_LUT4_O_I3_SB_LUT4_O_I3_SB_LUT4_O_LC.CIN
Info:  0.3 33.4  Source processor.ex_mem_reg.data_out_SB_DFF_Q_66_D_SB_LUT4_O_I3_SB_LUT4_O_I2_SB_LUT4_O_I3_SB_LUT4_O_I3_SB_LUT4_O_LC.COUT
Info:  0.0 33.4    Net processor.ex_mem_reg.data_out_SB_DFF_Q_65_D_SB_LUT4_O_I3_SB_LUT4_O_I2_SB_LUT4_O_I3 budget 0.000000 ns (12,17) -> (12,17)
Info:                Sink processor.ex_mem_reg.data_out_SB_DFF_Q_65_D_SB_LUT4_O_I3_SB_LUT4_O_I2_SB_LUT4_O_LC.CIN
Info:  0.3 33.7  Source processor.ex_mem_reg.data_out_SB_DFF_Q_65_D_SB_LUT4_O_I3_SB_LUT4_O_I2_SB_LUT4_O_LC.COUT
Info:  0.6 34.2    Net processor.ex_mem_reg.data_out_SB_DFF_Q_65_D_SB_LUT4_O_I3_SB_LUT4_O_I2_SB_LUT4_O_I3_SB_CARRY_CI_CO budget 0.560000 ns (12,17) -> (12,18)
Info:                Sink processor.ex_mem_reg.data_out_SB_DFF_Q_64_D_SB_LUT4_O_I3_SB_LUT4_O_I3_SB_LUT4_O_I3_SB_LUT4_O_I3_SB_LUT4_O_LC.CIN
Info:  0.3 34.5  Source processor.ex_mem_reg.data_out_SB_DFF_Q_64_D_SB_LUT4_O_I3_SB_LUT4_O_I3_SB_LUT4_O_I3_SB_LUT4_O_I3_SB_LUT4_O_LC.COUT
Info:  0.0 34.5    Net processor.ex_mem_reg.data_out_SB_DFF_Q_63_D_SB_LUT4_O_I3_SB_LUT4_O_I3_SB_LUT4_O_I3_SB_LUT4_O_I2_SB_LUT4_O_I3 budget 0.000000 ns (12,18) -> (12,18)
Info:                Sink processor.ex_mem_reg.data_out_SB_DFF_Q_63_D_SB_LUT4_O_I3_SB_LUT4_O_I3_SB_LUT4_O_I3_SB_LUT4_O_I2_SB_LUT4_O_LC.CIN
Info:  0.3 34.8  Source processor.ex_mem_reg.data_out_SB_DFF_Q_63_D_SB_LUT4_O_I3_SB_LUT4_O_I3_SB_LUT4_O_I3_SB_LUT4_O_I2_SB_LUT4_O_LC.COUT
Info:  0.7 35.4    Net processor.ex_mem_reg.data_out_SB_DFF_Q_62_D_SB_LUT4_O_I3_SB_LUT4_O_I3_SB_LUT4_O_I3_SB_LUT4_O_I3_SB_LUT4_O_I3_SB_LUT4_O_I3 budget 0.660000 ns (12,18) -> (12,18)
Info:                Sink processor.ex_mem_reg.data_out_SB_DFF_Q_62_D_SB_LUT4_O_I3_SB_LUT4_O_I3_SB_LUT4_O_I3_SB_LUT4_O_I3_SB_LUT4_O_I3_SB_LUT4_O_LC.I3
Info:  0.9 36.3  Source processor.ex_mem_reg.data_out_SB_DFF_Q_62_D_SB_LUT4_O_I3_SB_LUT4_O_I3_SB_LUT4_O_I3_SB_LUT4_O_I3_SB_LUT4_O_I3_SB_LUT4_O_LC.O
Info:  1.8 38.1    Net processor.ex_mem_reg.data_out_SB_DFF_Q_62_D_SB_LUT4_O_I3_SB_LUT4_O_I3_SB_LUT4_O_I3_SB_LUT4_O_I3_SB_LUT4_O_I3 budget -0.251000 ns (12,18) -> (11,19)
Info:                Sink processor.ex_mem_reg.data_out_SB_DFF_Q_62_D_SB_LUT4_O_I3_SB_LUT4_O_I3_SB_LUT4_O_I3_SB_LUT4_O_I3_SB_LUT4_O_LC.I3
Info:  0.9 38.9  Source processor.ex_mem_reg.data_out_SB_DFF_Q_62_D_SB_LUT4_O_I3_SB_LUT4_O_I3_SB_LUT4_O_I3_SB_LUT4_O_I3_SB_LUT4_O_LC.O
Info:  1.8 40.7    Net processor.ex_mem_reg.data_out_SB_DFF_Q_62_D_SB_LUT4_O_I3_SB_LUT4_O_I3_SB_LUT4_O_I3_SB_LUT4_O_I3 budget 0.599000 ns (11,19) -> (12,20)
Info:                Sink processor.ex_mem_reg.data_out_SB_DFF_Q_62_D_SB_LUT4_O_I3_SB_LUT4_O_I3_SB_LUT4_O_I3_SB_LUT4_O_LC.I3
Info:  0.9 41.6  Source processor.ex_mem_reg.data_out_SB_DFF_Q_62_D_SB_LUT4_O_I3_SB_LUT4_O_I3_SB_LUT4_O_I3_SB_LUT4_O_LC.O
Info:  3.0 44.6    Net processor.ex_mem_reg.data_out_SB_DFF_Q_62_D_SB_LUT4_O_I3_SB_LUT4_O_I3_SB_LUT4_O_I3 budget -0.234000 ns (12,20) -> (12,23)
Info:                Sink processor.ex_mem_reg.data_out_SB_DFF_Q_62_D_SB_LUT4_O_I3_SB_LUT4_O_I3_SB_LUT4_O_LC.I3
Info:  0.9 45.4  Source processor.ex_mem_reg.data_out_SB_DFF_Q_62_D_SB_LUT4_O_I3_SB_LUT4_O_I3_SB_LUT4_O_LC.O
Info:  1.8 47.2    Net processor.ex_mem_reg.data_out_SB_DFF_Q_62_D_SB_LUT4_O_I3_SB_LUT4_O_I3 budget 0.125000 ns (12,23) -> (11,23)
Info:                Sink processor.ex_mem_reg.data_out_SB_DFF_Q_62_D_SB_LUT4_O_I3_SB_LUT4_O_LC.I3
Info:  0.9 48.1  Source processor.ex_mem_reg.data_out_SB_DFF_Q_62_D_SB_LUT4_O_I3_SB_LUT4_O_LC.O
Info:  1.8 49.8    Net processor.ex_mem_reg.data_out_SB_DFF_Q_62_D_SB_LUT4_O_I3 budget 0.218000 ns (11,23) -> (11,22)
Info:                Sink data_mem_inst.addr_buf_SB_DFFE_Q_6_D_SB_LUT4_O_I3_SB_LUT4_I0_LC.I3
Info:  0.9 50.7  Source data_mem_inst.addr_buf_SB_DFFE_Q_6_D_SB_LUT4_O_I3_SB_LUT4_I0_LC.O
Info:  1.8 52.5    Net data_mem_inst.addr_buf_SB_DFFE_Q_6_D_SB_LUT4_O_I3_SB_LUT4_I0_O budget -0.511000 ns (11,22) -> (10,22)
Info:                Sink processor.ex_mem_reg.data_out_SB_DFF_Q_61_D_SB_LUT4_O_I3_SB_LUT4_I0_LC.I2
Info:  1.2 53.7  Source processor.ex_mem_reg.data_out_SB_DFF_Q_61_D_SB_LUT4_O_I3_SB_LUT4_I0_LC.O
Info:  1.8 55.4    Net processor.branch_decide.Branch_Enable_SB_DFFSR_Q_D_SB_LUT4_O_I3_SB_LUT4_O_I2 budget -0.304000 ns (10,22) -> (9,23)
Info:                Sink processor.branch_decide.Branch_Enable_SB_DFFSR_Q_D_SB_LUT4_O_I2_SB_LUT4_O_LC.I2
Info:  1.2 56.6  Source processor.branch_decide.Branch_Enable_SB_DFFSR_Q_D_SB_LUT4_O_I2_SB_LUT4_O_LC.O
Info:  1.8 58.4    Net processor.branch_decide.Branch_Enable_SB_DFFSR_Q_D_SB_LUT4_O_I2 budget 0.819000 ns (9,23) -> (9,23)
Info:                Sink processor.branch_decide.Branch_Enable_SB_DFFSR_Q_D_SB_LUT4_O_LC.I2
Info:  1.2 59.6  Setup processor.branch_decide.Branch_Enable_SB_DFFSR_Q_D_SB_LUT4_O_LC.I2
Info: 21.0 ns logic, 38.5 ns routing

Info: Critical path report for clock 'clk_cpu_$glb_clk' (posedge -> posedge):
Info: curr total
Info:  1.4  1.4  Source data_mem_inst.read_data_SB_DFFE_Q_31_D_SB_LUT4_O_LC.O
Info:  4.1  5.5    Net data_out[0] budget -2.141000 ns (5,18) -> (14,13)
Info:                Sink data_mem_inst.led_reg_SB_DFFE_Q_7_D_SB_LUT4_O_I2_SB_LUT4_O_I0_SB_LUT4_O_LC.I1
Info:  1.2  6.8  Source data_mem_inst.led_reg_SB_DFFE_Q_7_D_SB_LUT4_O_I2_SB_LUT4_O_I0_SB_LUT4_O_LC.O
Info:  3.6 10.4    Net data_mem_inst.led_reg_SB_DFFE_Q_7_D_SB_LUT4_O_I2_SB_LUT4_O_I0 budget -6.547000 ns (14,13) -> (15,6)
Info:                Sink data_mem_inst.led_reg_SB_DFFE_Q_7_D_SB_LUT4_O_I2_SB_LUT4_O_LC.I0
Info:  1.3 11.6  Source data_mem_inst.led_reg_SB_DFFE_Q_7_D_SB_LUT4_O_I2_SB_LUT4_O_LC.O
Info:  1.8 13.4    Net data_mem_inst.led_reg_SB_DFFE_Q_7_D_SB_LUT4_O_I2 budget -2.609000 ns (15,6) -> (15,7)
Info:                Sink data_mem_inst.led_reg_SB_DFFE_Q_7_D_SB_LUT4_O_LC.I2
Info:  1.2 14.6  Source data_mem_inst.led_reg_SB_DFFE_Q_7_D_SB_LUT4_O_LC.O
Info:  4.4 19.0    Net data_mem_inst.led_reg_SB_DFFE_Q_7_D budget -1.460000 ns (15,7) -> (16,21)
Info:                Sink data_mem_inst.led_reg_SB_DFFE_Q_7_D_SB_LUT4_I3_LC.I3
Info:  0.9 19.8  Source data_mem_inst.led_reg_SB_DFFE_Q_7_D_SB_LUT4_I3_LC.O
Info:  3.1 22.9    Net data_mem_inst.led_reg_SB_DFFE_Q_7_D_SB_LUT4_I3_O budget -0.081000 ns (16,21) -> (16,26)
Info:                Sink data_mem_inst.addr_buf_SB_DFFE_Q_2_D_SB_LUT4_O_I3_SB_LUT4_O_I2_SB_LUT4_O_I2_SB_LUT4_O_I2_SB_LUT4_O_I3_SB_LUT4_O_LC.I3
Info:  0.9 23.8  Source data_mem_inst.addr_buf_SB_DFFE_Q_2_D_SB_LUT4_O_I3_SB_LUT4_O_I2_SB_LUT4_O_I2_SB_LUT4_O_I2_SB_LUT4_O_I3_SB_LUT4_O_LC.O
Info:  1.8 25.5    Net data_mem_inst.addr_buf_SB_DFFE_Q_2_D_SB_LUT4_O_I3_SB_LUT4_O_I2_SB_LUT4_O_I2_SB_LUT4_O_I2_SB_LUT4_O_I3 budget -1.120000 ns (16,26) -> (16,27)
Info:                Sink data_mem_inst.addr_buf_SB_DFFE_Q_2_D_SB_LUT4_O_I3_SB_LUT4_O_I2_SB_LUT4_O_I2_SB_LUT4_O_I3_SB_LUT4_O_I3_SB_LUT4_I3_LC.I2
Info:  1.2 26.7  Source data_mem_inst.addr_buf_SB_DFFE_Q_2_D_SB_LUT4_O_I3_SB_LUT4_O_I2_SB_LUT4_O_I2_SB_LUT4_O_I3_SB_LUT4_O_I3_SB_LUT4_I3_LC.O
Info:  1.8 28.5    Net data_mem_inst.addr_buf_SB_DFFE_Q_2_D_SB_LUT4_O_I3_SB_LUT4_O_I2_SB_LUT4_O_I2_SB_LUT4_O_I3_SB_LUT4_O_I3_SB_LUT4_I3_O budget -0.569000 ns (16,27) -> (16,27)
Info:                Sink data_mem_inst.addr_buf_SB_DFFE_Q_4_D_SB_LUT4_O_I3_SB_LUT4_O_I3_SB_LUT4_O_I2_SB_LUT4_O_I3_SB_LUT4_O_LC.I2
Info:  1.2 29.7  Source data_mem_inst.addr_buf_SB_DFFE_Q_4_D_SB_LUT4_O_I3_SB_LUT4_O_I3_SB_LUT4_O_I2_SB_LUT4_O_I3_SB_LUT4_O_LC.O
Info:  1.8 31.5    Net data_mem_inst.addr_buf_SB_DFFE_Q_4_D_SB_LUT4_O_I3_SB_LUT4_O_I3_SB_LUT4_O_I2_SB_LUT4_O_I3 budget -0.232000 ns (16,27) -> (16,26)
Info:                Sink data_mem_inst.addr_buf_SB_DFFE_Q_4_D_SB_LUT4_O_I3_SB_LUT4_O_I3_SB_LUT4_O_I2_SB_LUT4_O_LC.I3
Info:  0.9 32.3  Source data_mem_inst.addr_buf_SB_DFFE_Q_4_D_SB_LUT4_O_I3_SB_LUT4_O_I3_SB_LUT4_O_I2_SB_LUT4_O_LC.O
Info:  1.8 34.1    Net data_mem_inst.addr_buf_SB_DFFE_Q_4_D_SB_LUT4_O_I3_SB_LUT4_O_I3_SB_LUT4_O_I2 budget -0.292000 ns (16,26) -> (16,25)
Info:                Sink data_mem_inst.addr_buf_SB_DFFE_Q_4_D_SB_LUT4_O_I3_SB_LUT4_O_I3_SB_LUT4_O_I2_SB_LUT4_I3_LC.I3
Info:  0.9 35.0  Source data_mem_inst.addr_buf_SB_DFFE_Q_4_D_SB_LUT4_O_I3_SB_LUT4_O_I3_SB_LUT4_O_I2_SB_LUT4_I3_LC.O
Info:  1.8 36.7    Net processor.ex_mem_reg.data_out_SB_DFF_Q_57_D_SB_LUT4_O_I3_SB_LUT4_O_I3_SB_LUT4_O_I3_SB_LUT4_O_I3 budget 0.175000 ns (16,25) -> (16,25)
Info:                Sink processor.ex_mem_reg.data_out_SB_DFF_Q_57_D_SB_LUT4_O_I3_SB_LUT4_O_I3_SB_LUT4_O_I3_SB_LUT4_O_LC.I3
Info:  0.9 37.6  Source processor.ex_mem_reg.data_out_SB_DFF_Q_57_D_SB_LUT4_O_I3_SB_LUT4_O_I3_SB_LUT4_O_I3_SB_LUT4_O_LC.O
Info:  3.6 41.2    Net processor.ex_mem_reg.data_out_SB_DFF_Q_57_D_SB_LUT4_O_I3_SB_LUT4_O_I3_SB_LUT4_O_I3 budget -0.103000 ns (16,25) -> (12,20)
Info:                Sink processor.ex_mem_reg.data_out_SB_DFF_Q_57_D_SB_LUT4_O_I3_SB_LUT4_O_I3_SB_LUT4_O_LC.I3
Info:  0.9 42.1  Source processor.ex_mem_reg.data_out_SB_DFF_Q_57_D_SB_LUT4_O_I3_SB_LUT4_O_I3_SB_LUT4_O_LC.O
Info:  1.8 43.8    Net processor.ex_mem_reg.data_out_SB_DFF_Q_57_D_SB_LUT4_O_I3_SB_LUT4_O_I3 budget 0.500000 ns (12,20) -> (11,20)
Info:                Sink processor.ex_mem_reg.data_out_SB_DFF_Q_57_D_SB_LUT4_O_I3_SB_LUT4_O_LC.I3
Info:  0.9 44.7  Source processor.ex_mem_reg.data_out_SB_DFF_Q_57_D_SB_LUT4_O_I3_SB_LUT4_O_LC.O
Info:  1.8 46.5    Net processor.ex_mem_reg.data_out_SB_DFF_Q_57_D_SB_LUT4_O_I3 budget 0.069000 ns (11,20) -> (10,19)
Info:                Sink processor.ex_mem_reg.data_out_SB_DFF_Q_57_D_SB_LUT4_O_LC.I3
Info:  0.9 47.4  Source processor.ex_mem_reg.data_out_SB_DFF_Q_57_D_SB_LUT4_O_LC.O
Info:  1.8 49.1    Net processor.ex_mem_reg.data_out_SB_DFF_Q_57_D budget 0.418000 ns (10,19) -> (9,19)
Info:                Sink processor.ex_mem_reg.data_out_SB_DFF_Q_66_D_SB_LUT4_I0_LC.I2
Info:  1.2 50.3  Source processor.ex_mem_reg.data_out_SB_DFF_Q_66_D_SB_LUT4_I0_LC.O
Info:  1.8 52.1    Net processor.ex_mem_reg.data_out_SB_DFF_Q_66_D_SB_LUT4_I0_O budget -0.356000 ns (9,19) -> (8,20)
Info:                Sink data_mem_inst.addr_buf_SB_DFFE_Q_10_D_SB_LUT4_I1_O_SB_LUT4_I3_LC.I2
Info:  1.2 53.3  Source data_mem_inst.addr_buf_SB_DFFE_Q_10_D_SB_LUT4_I1_O_SB_LUT4_I3_LC.O
Info:  1.8 55.0    Net data_mem_inst.addr_buf_SB_DFFE_Q_10_D_SB_LUT4_I1_O_SB_LUT4_I3_O budget -0.637000 ns (8,20) -> (8,20)
Info:                Sink processor.ex_mem_reg.data_out_SB_DFF_Q_63_D_SB_LUT4_I3_O_SB_LUT4_I0_LC.I2
Info:  1.2 56.3  Source processor.ex_mem_reg.data_out_SB_DFF_Q_63_D_SB_LUT4_I3_O_SB_LUT4_I0_LC.O
Info:  2.4 58.7    Net processor.ex_mem_reg.data_out_SB_DFF_Q_63_D_SB_LUT4_I3_O_SB_LUT4_I0_O budget 0.829000 ns (8,20) -> (8,19)
Info:                Sink data_mem_inst.led_reg_SB_DFFE_Q_DFFLC.CEN
Info:  0.1 58.8  Setup data_mem_inst.led_reg_SB_DFFE_Q_DFFLC.CEN
Info: 18.2 ns logic, 40.6 ns routing

Info: Critical path report for cross-domain path 'posedge clk' -> 'posedge clk_proc_$glb_clk':
Info: curr total
Info:  1.4  1.4  Source inst_out_SB_DFF_Q_11_D_SB_LUT4_O_LC.O
Info:  4.2  5.6    Net inst_out[20] budget 37.917000 ns (20,17) -> (16,9)
Info:                Sink processor.register_files.regfile.0.0.0_RADDR_4_SB_LUT4_O_LC.I2
Info:  1.2  6.8  Source processor.register_files.regfile.0.0.0_RADDR_4_SB_LUT4_O_LC.O
Info:  4.7 11.5    Net processor.register_files.regfile.0.0.0_RADDR_4 budget 9.154000 ns (16,9) -> (6,3)
Info:                Sink processor.ControlAndStatus_registers.csr_file.2.0.0_RAM.RADDR_0
Info:  0.1 11.6  Setup processor.ControlAndStatus_registers.csr_file.2.0.0_RAM.RADDR_0
Info: 2.7 ns logic, 8.9 ns routing

Info: Critical path report for cross-domain path 'posedge clk_cpu_$glb_clk' -> '<async>':
Info: curr total
Info:  1.4  1.4  Source data_mem_inst.led_reg_SB_DFFE_Q_5_DFFLC.O
Info:  6.7  8.1    Net led[2]$SB_IO_OUT budget 81.943001 ns (8,19) -> (19,0)
Info:                Sink led[2]$sb_io.D_OUT_0
Info: 1.4 ns logic, 6.7 ns routing

Info: Critical path report for cross-domain path 'posedge clk_cpu_$glb_clk' -> 'posedge clk_proc_$glb_clk':
Info: curr total
Info:  1.4  1.4  Source data_mem_inst.read_data_SB_DFFE_Q_31_D_SB_LUT4_O_LC.O
Info:  4.1  5.5    Net data_out[0] budget -2.141000 ns (5,18) -> (14,13)
Info:                Sink data_mem_inst.led_reg_SB_DFFE_Q_7_D_SB_LUT4_O_I2_SB_LUT4_O_I0_SB_LUT4_O_LC.I1
Info:  1.2  6.8  Source data_mem_inst.led_reg_SB_DFFE_Q_7_D_SB_LUT4_O_I2_SB_LUT4_O_I0_SB_LUT4_O_LC.O
Info:  3.6 10.4    Net data_mem_inst.led_reg_SB_DFFE_Q_7_D_SB_LUT4_O_I2_SB_LUT4_O_I0 budget -6.547000 ns (14,13) -> (15,6)
Info:                Sink data_mem_inst.led_reg_SB_DFFE_Q_7_D_SB_LUT4_O_I2_SB_LUT4_O_LC.I0
Info:  1.3 11.6  Source data_mem_inst.led_reg_SB_DFFE_Q_7_D_SB_LUT4_O_I2_SB_LUT4_O_LC.O
Info:  1.8 13.4    Net data_mem_inst.led_reg_SB_DFFE_Q_7_D_SB_LUT4_O_I2 budget -2.609000 ns (15,6) -> (15,7)
Info:                Sink data_mem_inst.led_reg_SB_DFFE_Q_7_D_SB_LUT4_O_LC.I2
Info:  1.2 14.6  Source data_mem_inst.led_reg_SB_DFFE_Q_7_D_SB_LUT4_O_LC.O
Info:  4.4 19.0    Net data_mem_inst.led_reg_SB_DFFE_Q_7_D budget -1.460000 ns (15,7) -> (16,21)
Info:                Sink data_mem_inst.led_reg_SB_DFFE_Q_7_D_SB_LUT4_I3_LC.I3
Info:  0.9 19.8  Source data_mem_inst.led_reg_SB_DFFE_Q_7_D_SB_LUT4_I3_LC.O
Info:  3.0 22.8    Net data_mem_inst.led_reg_SB_DFFE_Q_7_D_SB_LUT4_I3_O budget -0.864000 ns (16,21) -> (16,25)
Info:                Sink data_mem_inst.addr_buf_SB_DFFE_Q_8_D_SB_LUT4_O_I3_SB_LUT4_O_I3_SB_LUT4_O_I3_SB_LUT4_O_I3_SB_LUT4_O_I2_SB_LUT4_O_I2_SB_LUT4_O_LC.I3
Info:  0.9 23.7  Source data_mem_inst.addr_buf_SB_DFFE_Q_8_D_SB_LUT4_O_I3_SB_LUT4_O_I3_SB_LUT4_O_I3_SB_LUT4_O_I3_SB_LUT4_O_I2_SB_LUT4_O_I2_SB_LUT4_O_LC.O
Info:  2.3 26.0    Net data_mem_inst.addr_buf_SB_DFFE_Q_8_D_SB_LUT4_O_I3_SB_LUT4_O_I3_SB_LUT4_O_I3_SB_LUT4_O_I3_SB_LUT4_O_I2_SB_LUT4_O_I2 budget 0.447000 ns (16,25) -> (17,25)
Info:                Sink data_mem_inst.addr_buf_SB_DFFE_Q_8_D_SB_LUT4_O_I3_SB_LUT4_O_I3_SB_LUT4_O_I3_SB_LUT4_O_I3_SB_LUT4_O_I2_SB_LUT4_O_LC.I2
Info:  1.2 27.2  Source data_mem_inst.addr_buf_SB_DFFE_Q_8_D_SB_LUT4_O_I3_SB_LUT4_O_I3_SB_LUT4_O_I3_SB_LUT4_O_I3_SB_LUT4_O_I2_SB_LUT4_O_LC.O
Info:  1.8 28.9    Net data_mem_inst.addr_buf_SB_DFFE_Q_8_D_SB_LUT4_O_I3_SB_LUT4_O_I3_SB_LUT4_O_I3_SB_LUT4_O_I3_SB_LUT4_O_I2 budget 0.238000 ns (17,25) -> (18,25)
Info:                Sink data_mem_inst.addr_buf_SB_DFFE_Q_8_D_SB_LUT4_O_I3_SB_LUT4_O_I2_SB_LUT4_O_I2_SB_LUT4_O_I3_SB_LUT4_I2_LC.I3
Info:  0.9 29.8  Source data_mem_inst.addr_buf_SB_DFFE_Q_8_D_SB_LUT4_O_I3_SB_LUT4_O_I2_SB_LUT4_O_I2_SB_LUT4_O_I3_SB_LUT4_I2_LC.O
Info:  1.8 31.6    Net data_mem_inst.addr_buf_SB_DFFE_Q_4_D_SB_LUT4_O_I3_SB_LUT4_O_I3_SB_LUT4_O_I3_SB_LUT4_O_I3_SB_LUT4_O_I3 budget -1.190000 ns (18,25) -> (18,24)
Info:                Sink data_mem_inst.addr_buf_SB_DFFE_Q_4_D_SB_LUT4_O_I3_SB_LUT4_O_I3_SB_LUT4_O_I3_SB_LUT4_O_I3_SB_LUT4_O_LC.I3
Info:  0.9 32.4  Source data_mem_inst.addr_buf_SB_DFFE_Q_4_D_SB_LUT4_O_I3_SB_LUT4_O_I3_SB_LUT4_O_I3_SB_LUT4_O_I3_SB_LUT4_O_LC.O
Info:  1.8 34.2    Net data_mem_inst.addr_buf_SB_DFFE_Q_4_D_SB_LUT4_O_I3_SB_LUT4_O_I3_SB_LUT4_O_I3_SB_LUT4_O_I3 budget 0.329000 ns (18,24) -> (18,25)
Info:                Sink data_mem_inst.addr_buf_SB_DFFE_Q_4_D_SB_LUT4_O_I3_SB_LUT4_O_I3_SB_LUT4_O_I3_SB_LUT4_O_LC.I3
Info:  0.9 35.1  Source data_mem_inst.addr_buf_SB_DFFE_Q_4_D_SB_LUT4_O_I3_SB_LUT4_O_I3_SB_LUT4_O_I3_SB_LUT4_O_LC.O
Info:  1.8 36.8    Net data_mem_inst.addr_buf_SB_DFFE_Q_4_D_SB_LUT4_O_I3_SB_LUT4_O_I3_SB_LUT4_O_I3 budget 0.200000 ns (18,25) -> (17,25)
Info:                Sink data_mem_inst.addr_buf_SB_DFFE_Q_4_D_SB_LUT4_O_I3_SB_LUT4_O_I3_SB_LUT4_O_LC.I3
Info:  0.9 37.7  Source data_mem_inst.addr_buf_SB_DFFE_Q_4_D_SB_LUT4_O_I3_SB_LUT4_O_I3_SB_LUT4_O_LC.O
Info:  3.6 41.3    Net data_mem_inst.addr_buf_SB_DFFE_Q_4_D_SB_LUT4_O_I3_SB_LUT4_O_I3 budget 0.340000 ns (17,25) -> (12,20)
Info:                Sink data_mem_inst.addr_buf_SB_DFFE_Q_4_D_SB_LUT4_O_I3_SB_LUT4_O_LC.I3
Info:  0.9 42.2  Source data_mem_inst.addr_buf_SB_DFFE_Q_4_D_SB_LUT4_O_I3_SB_LUT4_O_LC.O
Info:  1.8 44.0    Net data_mem_inst.addr_buf_SB_DFFE_Q_4_D_SB_LUT4_O_I3 budget 0.563000 ns (12,20) -> (11,21)
Info:                Sink data_mem_inst.addr_buf_SB_DFFE_Q_5_D_SB_LUT4_O_I3_SB_LUT4_I2_LC.I3
Info:  0.9 44.8  Source data_mem_inst.addr_buf_SB_DFFE_Q_5_D_SB_LUT4_O_I3_SB_LUT4_I2_LC.O
Info:  1.8 46.6    Net data_mem_inst.addr_buf_SB_DFFE_Q_5_D_SB_LUT4_O_I3_SB_LUT4_I2_O budget 0.267000 ns (11,21) -> (11,22)
Info:                Sink data_mem_inst.addr_buf_SB_DFFE_Q_6_D_SB_LUT4_O_I3_SB_LUT4_I0_LC.I2
Info:  1.2 47.8  Source data_mem_inst.addr_buf_SB_DFFE_Q_6_D_SB_LUT4_O_I3_SB_LUT4_I0_LC.O
Info:  1.8 49.6    Net data_mem_inst.addr_buf_SB_DFFE_Q_6_D_SB_LUT4_O_I3_SB_LUT4_I0_O budget -0.511000 ns (11,22) -> (10,22)
Info:                Sink processor.ex_mem_reg.data_out_SB_DFF_Q_61_D_SB_LUT4_O_I3_SB_LUT4_I0_LC.I2
Info:  1.2 50.8  Source processor.ex_mem_reg.data_out_SB_DFF_Q_61_D_SB_LUT4_O_I3_SB_LUT4_I0_LC.O
Info:  1.8 52.5    Net processor.branch_decide.Branch_Enable_SB_DFFSR_Q_D_SB_LUT4_O_I3_SB_LUT4_O_I2 budget -0.304000 ns (10,22) -> (9,23)
Info:                Sink processor.branch_decide.Branch_Enable_SB_DFFSR_Q_D_SB_LUT4_O_I2_SB_LUT4_O_LC.I2
Info:  1.2 53.7  Source processor.branch_decide.Branch_Enable_SB_DFFSR_Q_D_SB_LUT4_O_I2_SB_LUT4_O_LC.O
Info:  1.8 55.5    Net processor.branch_decide.Branch_Enable_SB_DFFSR_Q_D_SB_LUT4_O_I2 budget 0.819000 ns (9,23) -> (9,23)
Info:                Sink processor.branch_decide.Branch_Enable_SB_DFFSR_Q_D_SB_LUT4_O_LC.I2
Info:  1.2 56.6  Setup processor.branch_decide.Branch_Enable_SB_DFFSR_Q_D_SB_LUT4_O_LC.I2
Info: 18.1 ns logic, 38.6 ns routing

Info: Critical path report for cross-domain path 'posedge clk_proc_$glb_clk' -> 'posedge clk':
Info: curr total
Info:  1.4  1.4  Source processor.PC.outAddr_SB_DFFE_Q_28_D_SB_LUT4_O_LC.O
Info:  3.6  5.0    Net addr_word[1] budget 0.000000 ns (10,8) -> (5,4)
Info:                Sink inst_out_SB_DFF_Q_D_SB_LUT4_O_I3_SB_LUT4_O_I3_SB_CARRY_CO_CI_SB_CARRY_CO_CI_SB_CARRY_CO_CI_SB_CARRY_CO_CI_SB_CARRY_CO_CI_SB_CARRY_CO_CI_SB_CARRY_CO_CI_SB_CARRY_CO_CI_SB_CARRY_CO_CI_SB_CARRY_CO_CI_SB_CARRY_CO_CI_SB_CARRY_CO_CI_SB_CARRY_CO_CI_SB_CARRY_CO_CI_SB_CARRY_CO_CI_SB_CARRY_CO_CI_SB_CARRY_CO_CI_SB_CARRY_CO_CI_SB_CARRY_CO_CI_SB_CARRY_CO_CI_SB_CARRY_CO_CI_SB_CARRY_CO_CI_SB_CARRY_CO_CI_SB_CARRY_CO_CI_SB_CARRY_CO_CI_SB_CARRY_CO_CI_SB_CARRY_CO_CI_SB_CARRY_CO_CI_SB_CARRY_CO_I1_SB_LUT4_O_LC.I3
Info:  0.9  5.9  Source inst_out_SB_DFF_Q_D_SB_LUT4_O_I3_SB_LUT4_O_I3_SB_CARRY_CO_CI_SB_CARRY_CO_CI_SB_CARRY_CO_CI_SB_CARRY_CO_CI_SB_CARRY_CO_CI_SB_CARRY_CO_CI_SB_CARRY_CO_CI_SB_CARRY_CO_CI_SB_CARRY_CO_CI_SB_CARRY_CO_CI_SB_CARRY_CO_CI_SB_CARRY_CO_CI_SB_CARRY_CO_CI_SB_CARRY_CO_CI_SB_CARRY_CO_CI_SB_CARRY_CO_CI_SB_CARRY_CO_CI_SB_CARRY_CO_CI_SB_CARRY_CO_CI_SB_CARRY_CO_CI_SB_CARRY_CO_CI_SB_CARRY_CO_CI_SB_CARRY_CO_CI_SB_CARRY_CO_CI_SB_CARRY_CO_CI_SB_CARRY_CO_CI_SB_CARRY_CO_CI_SB_CARRY_CO_CI_SB_CARRY_CO_I1_SB_LUT4_O_LC.O
Info:  1.8  7.6    Net inst_out_SB_DFF_Q_D_SB_LUT4_O_I3_SB_LUT4_O_I3_SB_CARRY_CO_CI_SB_CARRY_CO_CI_SB_CARRY_CO_CI_SB_CARRY_CO_CI_SB_CARRY_CO_CI_SB_CARRY_CO_CI_SB_CARRY_CO_CI_SB_CARRY_CO_CI_SB_CARRY_CO_CI_SB_CARRY_CO_CI_SB_CARRY_CO_CI_SB_CARRY_CO_CI_SB_CARRY_CO_CI_SB_CARRY_CO_CI_SB_CARRY_CO_CI_SB_CARRY_CO_CI_SB_CARRY_CO_CI_SB_CARRY_CO_CI_SB_CARRY_CO_CI_SB_CARRY_CO_CI_SB_CARRY_CO_CI_SB_CARRY_CO_CI_SB_CARRY_CO_CI_SB_CARRY_CO_CI_SB_CARRY_CO_CI_SB_CARRY_CO_CI_SB_CARRY_CO_CI_SB_CARRY_CO_CI_SB_CARRY_CO_I1 budget 0.000000 ns (5,4) -> (5,5)
Info:                Sink inst_out_SB_DFF_Q_D_SB_LUT4_O_I3_SB_LUT4_O_I3_SB_CARRY_CO_CI_SB_CARRY_CO_CI_SB_CARRY_CO_CI_SB_CARRY_CO_CI_SB_CARRY_CO_CI_SB_CARRY_CO_CI_SB_CARRY_CO_CI_SB_CARRY_CO_CI_SB_CARRY_CO_CI_SB_CARRY_CO_CI_SB_CARRY_CO_CI_SB_CARRY_CO_CI_SB_CARRY_CO_CI_SB_CARRY_CO_CI_SB_CARRY_CO_CI_SB_CARRY_CO_CI_SB_CARRY_CO_CI_SB_CARRY_CO_CI_SB_CARRY_CO_CI_SB_CARRY_CO_CI_SB_CARRY_CO_CI_SB_CARRY_CO_CI_SB_CARRY_CO_CI_SB_CARRY_CO_CI_SB_CARRY_CO_CI_SB_CARRY_CO_CI_SB_CARRY_CO_CI_SB_CARRY_CO_CI_SB_CARRY_CO_I1_SB_LUT4_I2_LC.I2
Info:  1.2  8.8  Source inst_out_SB_DFF_Q_D_SB_LUT4_O_I3_SB_LUT4_O_I3_SB_CARRY_CO_CI_SB_CARRY_CO_CI_SB_CARRY_CO_CI_SB_CARRY_CO_CI_SB_CARRY_CO_CI_SB_CARRY_CO_CI_SB_CARRY_CO_CI_SB_CARRY_CO_CI_SB_CARRY_CO_CI_SB_CARRY_CO_CI_SB_CARRY_CO_CI_SB_CARRY_CO_CI_SB_CARRY_CO_CI_SB_CARRY_CO_CI_SB_CARRY_CO_CI_SB_CARRY_CO_CI_SB_CARRY_CO_CI_SB_CARRY_CO_CI_SB_CARRY_CO_CI_SB_CARRY_CO_CI_SB_CARRY_CO_CI_SB_CARRY_CO_CI_SB_CARRY_CO_CI_SB_CARRY_CO_CI_SB_CARRY_CO_CI_SB_CARRY_CO_CI_SB_CARRY_CO_CI_SB_CARRY_CO_CI_SB_CARRY_CO_I1_SB_LUT4_I2_LC.O
Info:  6.0 14.8    Net inst_out_SB_DFF_Q_D_SB_LUT4_O_I3_SB_LUT4_O_I3_SB_CARRY_CO_CI_SB_CARRY_CO_CI_SB_CARRY_CO_CI_SB_CARRY_CO_CI_SB_CARRY_CO_CI_SB_CARRY_CO_CI_SB_CARRY_CO_CI_SB_CARRY_CO_CI_SB_CARRY_CO_CI_SB_CARRY_CO_CI_SB_CARRY_CO_CI_SB_CARRY_CO_CI_SB_CARRY_CO_CI_SB_CARRY_CO_CI_SB_CARRY_CO_CI_SB_CARRY_CO_CI_SB_CARRY_CO_CI_SB_CARRY_CO_CI_SB_CARRY_CO_CI_SB_CARRY_CO_CI_SB_CARRY_CO_CI_SB_CARRY_CO_CI_SB_CARRY_CO_CI_SB_CARRY_CO_CI_SB_CARRY_CO_CI_SB_CARRY_CO_CI_SB_CARRY_CO_CI_SB_CARRY_CO_CI_SB_CARRY_CO_I1_SB_LUT4_I2_O budget 5.205000 ns (5,5) -> (18,18)
Info:                Sink inst_out_SB_DFF_Q_D_SB_LUT4_O_I3_SB_LUT4_O_I3_SB_CARRY_CO_CI_SB_CARRY_CO_CI_SB_CARRY_CO_CI_SB_CARRY_CO_CI_SB_CARRY_CO_CI_SB_CARRY_CO_CI_SB_CARRY_CO_CI_SB_CARRY_CO_CI_SB_CARRY_CO_CI_SB_CARRY_CO_CI_SB_CARRY_CO_CI_SB_CARRY_CO_CI_SB_CARRY_CO_CI_SB_CARRY_CO_CI_SB_CARRY_CO_CI_SB_CARRY_CO_CI_SB_CARRY_CO_CI_SB_CARRY_CO_CI_SB_CARRY_CO_CI_SB_CARRY_CO_CI_SB_CARRY_CO_CI_SB_CARRY_CO_CI_SB_CARRY_CO_CI_SB_CARRY_CO_CI_SB_CARRY_CO_CI_SB_CARRY_CO_CI_SB_CARRY_CO_CI_SB_CARRY_CO_CI_SB_CARRY_CO_I1_SB_LUT4_I2_O_SB_LUT4_I3_LC.I3
Info:  0.9 15.7  Source inst_out_SB_DFF_Q_D_SB_LUT4_O_I3_SB_LUT4_O_I3_SB_CARRY_CO_CI_SB_CARRY_CO_CI_SB_CARRY_CO_CI_SB_CARRY_CO_CI_SB_CARRY_CO_CI_SB_CARRY_CO_CI_SB_CARRY_CO_CI_SB_CARRY_CO_CI_SB_CARRY_CO_CI_SB_CARRY_CO_CI_SB_CARRY_CO_CI_SB_CARRY_CO_CI_SB_CARRY_CO_CI_SB_CARRY_CO_CI_SB_CARRY_CO_CI_SB_CARRY_CO_CI_SB_CARRY_CO_CI_SB_CARRY_CO_CI_SB_CARRY_CO_CI_SB_CARRY_CO_CI_SB_CARRY_CO_CI_SB_CARRY_CO_CI_SB_CARRY_CO_CI_SB_CARRY_CO_CI_SB_CARRY_CO_CI_SB_CARRY_CO_CI_SB_CARRY_CO_CI_SB_CARRY_CO_CI_SB_CARRY_CO_I1_SB_LUT4_I2_O_SB_LUT4_I3_LC.O
Info:  3.0 18.6    Net inst_out_SB_DFF_Q_11_D_SB_LUT4_O_I1_SB_LUT4_O_I1_SB_LUT4_O_I1 budget 5.029000 ns (18,18) -> (22,19)
Info:                Sink inst_out_SB_DFF_Q_4_D_SB_LUT4_O_I1_SB_LUT4_O_I3_SB_LUT4_O_I2_SB_LUT4_O_LC.I3
Info:  0.9 19.5  Source inst_out_SB_DFF_Q_4_D_SB_LUT4_O_I1_SB_LUT4_O_I3_SB_LUT4_O_I2_SB_LUT4_O_LC.O
Info:  1.8 21.3    Net inst_out_SB_DFF_Q_4_D_SB_LUT4_O_I1_SB_LUT4_O_I3_SB_LUT4_O_I2 budget 4.712000 ns (22,19) -> (21,19)
Info:                Sink inst_out_SB_DFF_Q_5_D_SB_LUT4_O_I1_SB_LUT4_O_I3_SB_LUT4_O_I3_SB_LUT4_O_LC.I2
Info:  1.2 22.5  Source inst_out_SB_DFF_Q_5_D_SB_LUT4_O_I1_SB_LUT4_O_I3_SB_LUT4_O_I3_SB_LUT4_O_LC.O
Info:  1.8 24.2    Net inst_out_SB_DFF_Q_5_D_SB_LUT4_O_I1_SB_LUT4_O_I3_SB_LUT4_O_I3 budget 4.827000 ns (21,19) -> (21,18)
Info:                Sink inst_out_SB_DFF_Q_11_D_SB_LUT4_O_I1_SB_LUT4_O_I1_SB_LUT4_I2_LC.I3
Info:  0.9 25.1  Source inst_out_SB_DFF_Q_11_D_SB_LUT4_O_I1_SB_LUT4_O_I1_SB_LUT4_I2_LC.O
Info:  1.8 26.9    Net inst_out_SB_DFF_Q_D_SB_LUT4_O_I3_SB_LUT4_O_I2_SB_LUT4_O_I3 budget 5.531000 ns (21,18) -> (20,18)
Info:                Sink inst_out_SB_DFF_Q_D_SB_LUT4_O_I3_SB_LUT4_O_I2_SB_LUT4_O_LC.I3
Info:  0.9 27.7  Source inst_out_SB_DFF_Q_D_SB_LUT4_O_I3_SB_LUT4_O_I2_SB_LUT4_O_LC.O
Info:  5.5 33.2    Net inst_out_SB_DFF_Q_D_SB_LUT4_O_I3_SB_LUT4_O_I2 budget 5.371000 ns (20,18) -> (5,8)
Info:                Sink inst_out_SB_DFF_Q_D_SB_LUT4_O_I3_SB_LUT4_O_LC.I2
Info:  1.2 34.4  Source inst_out_SB_DFF_Q_D_SB_LUT4_O_I3_SB_LUT4_O_LC.O
Info:  4.6 39.0    Net inst_out_SB_DFF_Q_D_SB_LUT4_O_I3 budget 4.835000 ns (5,8) -> (21,11)
Info:                Sink inst_out_SB_DFF_Q_2_D_SB_LUT4_O_LC.I3
Info:  0.8 39.8  Setup inst_out_SB_DFF_Q_2_D_SB_LUT4_O_LC.I3
Info: 10.2 ns logic, 29.6 ns routing

Info: Critical path report for cross-domain path 'posedge clk_proc_$glb_clk' -> 'posedge clk_cpu_$glb_clk':
Info: curr total
Info:  1.4  1.4  Source processor.ex_mem_reg.data_out_SB_DFF_Q_DFFLC.O
Info:  1.8  3.2    Net processor.ex_mem_out[154] budget -3.445000 ns (12,4) -> (12,4)
Info:                Sink processor.forwarding_unit.WB_RegWrite_SB_LUT4_I0_O_SB_LUT4_I2_O_SB_LUT4_I1_I2_SB_LUT4_O_I1_SB_LUT4_O_I3_SB_LUT4_O_LC.I0
Info:  1.3  4.4  Source processor.forwarding_unit.WB_RegWrite_SB_LUT4_I0_O_SB_LUT4_I2_O_SB_LUT4_I1_I2_SB_LUT4_O_I1_SB_LUT4_O_I3_SB_LUT4_O_LC.O
Info:  1.8  6.2    Net processor.forwarding_unit.WB_RegWrite_SB_LUT4_I0_O_SB_LUT4_I2_O_SB_LUT4_I1_I2_SB_LUT4_O_I1_SB_LUT4_O_I3 budget -2.510000 ns (12,4) -> (12,4)
Info:                Sink processor.forwarding_unit.WB_RegWrite_SB_LUT4_I0_O_SB_LUT4_I2_O_SB_LUT4_I1_I2_SB_LUT4_O_I1_SB_LUT4_O_LC.I3
Info:  0.9  7.1  Source processor.forwarding_unit.WB_RegWrite_SB_LUT4_I0_O_SB_LUT4_I2_O_SB_LUT4_I1_I2_SB_LUT4_O_I1_SB_LUT4_O_LC.O
Info:  2.8  9.9    Net processor.forwarding_unit.WB_RegWrite_SB_LUT4_I0_O_SB_LUT4_I2_O_SB_LUT4_I1_I2_SB_LUT4_O_I1 budget -3.563000 ns (12,4) -> (15,4)
Info:                Sink processor.forwarding_unit.WB_RegWrite_SB_LUT4_I0_O_SB_LUT4_I2_O_SB_LUT4_I1_I2_SB_LUT4_O_LC.I1
Info:  1.2 11.1  Source processor.forwarding_unit.WB_RegWrite_SB_LUT4_I0_O_SB_LUT4_I2_O_SB_LUT4_I1_I2_SB_LUT4_O_LC.O
Info:  2.4 13.6    Net processor.forwarding_unit.WB_RegWrite_SB_LUT4_I0_O_SB_LUT4_I2_O_SB_LUT4_I1_I2 budget -2.415000 ns (15,4) -> (15,6)
Info:                Sink processor.forwarding_unit.WB_RegWrite_SB_LUT4_I0_O_SB_LUT4_I2_O_SB_LUT4_I1_LC.I2
Info:  1.2 14.8  Source processor.forwarding_unit.WB_RegWrite_SB_LUT4_I0_O_SB_LUT4_I2_O_SB_LUT4_I1_LC.O
Info:  4.2 19.0    Net processor.forwarding_unit.WB_RegWrite_SB_LUT4_I0_O_SB_LUT4_I2_O_SB_LUT4_I1_O budget -1.380000 ns (15,6) -> (16,17)
Info:                Sink data_mem_inst.led_reg_SB_DFFE_Q_4_D_SB_LUT4_O_I3_SB_LUT4_O_LC.I3
Info:  0.9 19.9  Source data_mem_inst.led_reg_SB_DFFE_Q_4_D_SB_LUT4_O_I3_SB_LUT4_O_LC.O
Info:  4.1 24.0    Net data_mem_inst.led_reg_SB_DFFE_Q_4_D_SB_LUT4_O_I3 budget -1.818000 ns (16,17) -> (15,25)
Info:                Sink data_mem_inst.led_reg_SB_DFFE_Q_4_D_SB_LUT4_O_I2_SB_LUT4_I2_1_LC.I3
Info:  0.9 24.9  Source data_mem_inst.led_reg_SB_DFFE_Q_4_D_SB_LUT4_O_I2_SB_LUT4_I2_1_LC.O
Info:  4.2 29.1    Net data_mem_inst.led_reg_SB_DFFE_Q_4_D_SB_LUT4_O_I2_SB_LUT4_I2_1_O budget -2.171000 ns (15,25) -> (12,16)
Info:                Sink data_mem_inst.addr_buf_SB_DFFE_Q_8_D_SB_LUT4_O_I3_SB_LUT4_O_I1_SB_LUT4_O_I3_SB_LUT4_O_I3_SB_LUT4_O_LC.I2
Info:  0.6 29.8  Source data_mem_inst.addr_buf_SB_DFFE_Q_8_D_SB_LUT4_O_I3_SB_LUT4_O_I1_SB_LUT4_O_I3_SB_LUT4_O_I3_SB_LUT4_O_LC.COUT
Info:  0.0 29.8    Net data_mem_inst.addr_buf_SB_DFFE_Q_7_D_SB_LUT4_O_I3_SB_LUT4_O_I1_SB_LUT4_O_I3_SB_LUT4_O_I3_SB_LUT4_O_I3 budget 0.000000 ns (12,16) -> (12,16)
Info:                Sink data_mem_inst.addr_buf_SB_DFFE_Q_7_D_SB_LUT4_O_I3_SB_LUT4_O_I1_SB_LUT4_O_I3_SB_LUT4_O_I3_SB_LUT4_O_LC.CIN
Info:  0.3 30.0  Source data_mem_inst.addr_buf_SB_DFFE_Q_7_D_SB_LUT4_O_I3_SB_LUT4_O_I1_SB_LUT4_O_I3_SB_LUT4_O_I3_SB_LUT4_O_LC.COUT
Info:  0.0 30.0    Net data_mem_inst.addr_buf_SB_DFFE_Q_6_D_SB_LUT4_O_I3_SB_LUT4_O_I1_SB_LUT4_O_I3_SB_LUT4_O_I3_SB_LUT4_O_I3 budget 0.000000 ns (12,16) -> (12,16)
Info:                Sink data_mem_inst.addr_buf_SB_DFFE_Q_6_D_SB_LUT4_O_I3_SB_LUT4_O_I1_SB_LUT4_O_I3_SB_LUT4_O_I3_SB_LUT4_O_LC.CIN
Info:  0.3 30.3  Source data_mem_inst.addr_buf_SB_DFFE_Q_6_D_SB_LUT4_O_I3_SB_LUT4_O_I1_SB_LUT4_O_I3_SB_LUT4_O_I3_SB_LUT4_O_LC.COUT
Info:  0.0 30.3    Net data_mem_inst.addr_buf_SB_DFFE_Q_5_D_SB_LUT4_O_I3_SB_LUT4_O_I1_SB_LUT4_O_I3_SB_LUT4_O_I3_SB_LUT4_O_I3 budget 0.000000 ns (12,16) -> (12,16)
Info:                Sink data_mem_inst.addr_buf_SB_DFFE_Q_5_D_SB_LUT4_O_I3_SB_LUT4_O_I1_SB_LUT4_O_I3_SB_LUT4_O_I3_SB_LUT4_O_LC.CIN
Info:  0.3 30.6  Source data_mem_inst.addr_buf_SB_DFFE_Q_5_D_SB_LUT4_O_I3_SB_LUT4_O_I1_SB_LUT4_O_I3_SB_LUT4_O_I3_SB_LUT4_O_LC.COUT
Info:  0.0 30.6    Net data_mem_inst.addr_buf_SB_DFFE_Q_4_D_SB_LUT4_O_I3_SB_LUT4_O_I2_SB_LUT4_O_I3_SB_LUT4_O_I3_SB_LUT4_O_I3 budget 0.000000 ns (12,16) -> (12,16)
Info:                Sink data_mem_inst.addr_buf_SB_DFFE_Q_4_D_SB_LUT4_O_I3_SB_LUT4_O_I2_SB_LUT4_O_I3_SB_LUT4_O_I3_SB_LUT4_O_LC.CIN
Info:  0.3 30.9  Source data_mem_inst.addr_buf_SB_DFFE_Q_4_D_SB_LUT4_O_I3_SB_LUT4_O_I2_SB_LUT4_O_I3_SB_LUT4_O_I3_SB_LUT4_O_LC.COUT
Info:  0.6 31.4    Net data_mem_inst.addr_buf_SB_DFFE_Q_3_D_SB_LUT4_O_I3_SB_LUT4_O_I2_SB_LUT4_O_I3_SB_LUT4_O_I3_SB_LUT4_O_I3 budget 0.560000 ns (12,16) -> (12,17)
Info:                Sink data_mem_inst.addr_buf_SB_DFFE_Q_3_D_SB_LUT4_O_I3_SB_LUT4_O_I2_SB_LUT4_O_I3_SB_LUT4_O_I3_SB_LUT4_O_LC.CIN
Info:  0.3 31.7  Source data_mem_inst.addr_buf_SB_DFFE_Q_3_D_SB_LUT4_O_I3_SB_LUT4_O_I2_SB_LUT4_O_I3_SB_LUT4_O_I3_SB_LUT4_O_LC.COUT
Info:  0.0 31.7    Net data_mem_inst.addr_buf_SB_DFFE_Q_2_D_SB_LUT4_O_I3_SB_LUT4_O_I1_SB_LUT4_O_I3_SB_LUT4_O_I3_SB_LUT4_O_I3 budget 0.000000 ns (12,17) -> (12,17)
Info:                Sink data_mem_inst.addr_buf_SB_DFFE_Q_2_D_SB_LUT4_O_I3_SB_LUT4_O_I1_SB_LUT4_O_I3_SB_LUT4_O_I3_SB_LUT4_O_LC.CIN
Info:  0.3 32.0  Source data_mem_inst.addr_buf_SB_DFFE_Q_2_D_SB_LUT4_O_I3_SB_LUT4_O_I1_SB_LUT4_O_I3_SB_LUT4_O_I3_SB_LUT4_O_LC.COUT
Info:  0.0 32.0    Net data_mem_inst.addr_buf_SB_DFFE_Q_1_D_SB_LUT4_O_I3_SB_LUT4_O_I1_SB_LUT4_O_I3_SB_LUT4_O_I3_SB_LUT4_O_I3 budget 0.000000 ns (12,17) -> (12,17)
Info:                Sink data_mem_inst.addr_buf_SB_DFFE_Q_1_D_SB_LUT4_O_I3_SB_LUT4_O_I1_SB_LUT4_O_I3_SB_LUT4_O_I3_SB_LUT4_O_LC.CIN
Info:  0.3 32.3  Source data_mem_inst.addr_buf_SB_DFFE_Q_1_D_SB_LUT4_O_I3_SB_LUT4_O_I1_SB_LUT4_O_I3_SB_LUT4_O_I3_SB_LUT4_O_LC.COUT
Info:  0.0 32.3    Net data_mem_inst.addr_buf_SB_DFFE_Q_D_SB_LUT4_O_I3_SB_LUT4_O_I2_SB_LUT4_O_I3_SB_LUT4_O_I2_SB_LUT4_O_I3 budget 0.000000 ns (12,17) -> (12,17)
Info:                Sink data_mem_inst.addr_buf_SB_DFFE_Q_D_SB_LUT4_O_I3_SB_LUT4_O_I2_SB_LUT4_O_I3_SB_LUT4_O_I2_SB_LUT4_O_LC.CIN
Info:  0.3 32.5  Source data_mem_inst.addr_buf_SB_DFFE_Q_D_SB_LUT4_O_I3_SB_LUT4_O_I2_SB_LUT4_O_I3_SB_LUT4_O_I2_SB_LUT4_O_LC.COUT
Info:  0.0 32.5    Net processor.ex_mem_reg.data_out_SB_DFF_Q_68_D_SB_LUT4_O_I3_SB_LUT4_O_I3_SB_LUT4_O_I2_SB_LUT4_O_I3_SB_LUT4_O_I3 budget 0.000000 ns (12,17) -> (12,17)
Info:                Sink processor.ex_mem_reg.data_out_SB_DFF_Q_68_D_SB_LUT4_O_I3_SB_LUT4_O_I3_SB_LUT4_O_I2_SB_LUT4_O_I3_SB_LUT4_O_LC.CIN
Info:  0.3 32.8  Source processor.ex_mem_reg.data_out_SB_DFF_Q_68_D_SB_LUT4_O_I3_SB_LUT4_O_I3_SB_LUT4_O_I2_SB_LUT4_O_I3_SB_LUT4_O_LC.COUT
Info:  0.0 32.8    Net processor.ex_mem_reg.data_out_SB_DFF_Q_67_D_SB_LUT4_O_I3_SB_LUT4_O_I2_SB_LUT4_O_I3_SB_LUT4_O_I3_SB_LUT4_O_I3 budget 0.000000 ns (12,17) -> (12,17)
Info:                Sink processor.ex_mem_reg.data_out_SB_DFF_Q_67_D_SB_LUT4_O_I3_SB_LUT4_O_I2_SB_LUT4_O_I3_SB_LUT4_O_I3_SB_LUT4_O_LC.CIN
Info:  0.3 33.1  Source processor.ex_mem_reg.data_out_SB_DFF_Q_67_D_SB_LUT4_O_I3_SB_LUT4_O_I2_SB_LUT4_O_I3_SB_LUT4_O_I3_SB_LUT4_O_LC.COUT
Info:  0.0 33.1    Net processor.ex_mem_reg.data_out_SB_DFF_Q_65_D_SB_LUT4_O_I3_SB_LUT4_O_I2_SB_LUT4_O_I3_SB_CARRY_CO_CI budget 0.000000 ns (12,17) -> (12,17)
Info:                Sink processor.ex_mem_reg.data_out_SB_DFF_Q_66_D_SB_LUT4_O_I3_SB_LUT4_O_I2_SB_LUT4_O_I3_SB_LUT4_O_I3_SB_LUT4_O_LC.CIN
Info:  0.3 33.4  Source processor.ex_mem_reg.data_out_SB_DFF_Q_66_D_SB_LUT4_O_I3_SB_LUT4_O_I2_SB_LUT4_O_I3_SB_LUT4_O_I3_SB_LUT4_O_LC.COUT
Info:  0.0 33.4    Net processor.ex_mem_reg.data_out_SB_DFF_Q_65_D_SB_LUT4_O_I3_SB_LUT4_O_I2_SB_LUT4_O_I3 budget 0.000000 ns (12,17) -> (12,17)
Info:                Sink processor.ex_mem_reg.data_out_SB_DFF_Q_65_D_SB_LUT4_O_I3_SB_LUT4_O_I2_SB_LUT4_O_LC.CIN
Info:  0.3 33.7  Source processor.ex_mem_reg.data_out_SB_DFF_Q_65_D_SB_LUT4_O_I3_SB_LUT4_O_I2_SB_LUT4_O_LC.COUT
Info:  0.6 34.2    Net processor.ex_mem_reg.data_out_SB_DFF_Q_65_D_SB_LUT4_O_I3_SB_LUT4_O_I2_SB_LUT4_O_I3_SB_CARRY_CI_CO budget 0.560000 ns (12,17) -> (12,18)
Info:                Sink processor.ex_mem_reg.data_out_SB_DFF_Q_64_D_SB_LUT4_O_I3_SB_LUT4_O_I3_SB_LUT4_O_I3_SB_LUT4_O_I3_SB_LUT4_O_LC.CIN
Info:  0.3 34.5  Source processor.ex_mem_reg.data_out_SB_DFF_Q_64_D_SB_LUT4_O_I3_SB_LUT4_O_I3_SB_LUT4_O_I3_SB_LUT4_O_I3_SB_LUT4_O_LC.COUT
Info:  0.0 34.5    Net processor.ex_mem_reg.data_out_SB_DFF_Q_63_D_SB_LUT4_O_I3_SB_LUT4_O_I3_SB_LUT4_O_I3_SB_LUT4_O_I2_SB_LUT4_O_I3 budget 0.000000 ns (12,18) -> (12,18)
Info:                Sink processor.ex_mem_reg.data_out_SB_DFF_Q_63_D_SB_LUT4_O_I3_SB_LUT4_O_I3_SB_LUT4_O_I3_SB_LUT4_O_I2_SB_LUT4_O_LC.CIN
Info:  0.3 34.8  Source processor.ex_mem_reg.data_out_SB_DFF_Q_63_D_SB_LUT4_O_I3_SB_LUT4_O_I3_SB_LUT4_O_I3_SB_LUT4_O_I2_SB_LUT4_O_LC.COUT
Info:  0.7 35.4    Net processor.ex_mem_reg.data_out_SB_DFF_Q_62_D_SB_LUT4_O_I3_SB_LUT4_O_I3_SB_LUT4_O_I3_SB_LUT4_O_I3_SB_LUT4_O_I3_SB_LUT4_O_I3 budget 0.660000 ns (12,18) -> (12,18)
Info:                Sink processor.ex_mem_reg.data_out_SB_DFF_Q_62_D_SB_LUT4_O_I3_SB_LUT4_O_I3_SB_LUT4_O_I3_SB_LUT4_O_I3_SB_LUT4_O_I3_SB_LUT4_O_LC.I3
Info:  0.9 36.3  Source processor.ex_mem_reg.data_out_SB_DFF_Q_62_D_SB_LUT4_O_I3_SB_LUT4_O_I3_SB_LUT4_O_I3_SB_LUT4_O_I3_SB_LUT4_O_I3_SB_LUT4_O_LC.O
Info:  1.8 38.1    Net processor.ex_mem_reg.data_out_SB_DFF_Q_62_D_SB_LUT4_O_I3_SB_LUT4_O_I3_SB_LUT4_O_I3_SB_LUT4_O_I3_SB_LUT4_O_I3 budget -0.251000 ns (12,18) -> (11,19)
Info:                Sink processor.ex_mem_reg.data_out_SB_DFF_Q_62_D_SB_LUT4_O_I3_SB_LUT4_O_I3_SB_LUT4_O_I3_SB_LUT4_O_I3_SB_LUT4_O_LC.I3
Info:  0.9 38.9  Source processor.ex_mem_reg.data_out_SB_DFF_Q_62_D_SB_LUT4_O_I3_SB_LUT4_O_I3_SB_LUT4_O_I3_SB_LUT4_O_I3_SB_LUT4_O_LC.O
Info:  1.8 40.7    Net processor.ex_mem_reg.data_out_SB_DFF_Q_62_D_SB_LUT4_O_I3_SB_LUT4_O_I3_SB_LUT4_O_I3_SB_LUT4_O_I3 budget 0.599000 ns (11,19) -> (12,20)
Info:                Sink processor.ex_mem_reg.data_out_SB_DFF_Q_62_D_SB_LUT4_O_I3_SB_LUT4_O_I3_SB_LUT4_O_I3_SB_LUT4_O_LC.I3
Info:  0.9 41.6  Source processor.ex_mem_reg.data_out_SB_DFF_Q_62_D_SB_LUT4_O_I3_SB_LUT4_O_I3_SB_LUT4_O_I3_SB_LUT4_O_LC.O
Info:  3.0 44.6    Net processor.ex_mem_reg.data_out_SB_DFF_Q_62_D_SB_LUT4_O_I3_SB_LUT4_O_I3_SB_LUT4_O_I3 budget -0.234000 ns (12,20) -> (12,23)
Info:                Sink processor.ex_mem_reg.data_out_SB_DFF_Q_62_D_SB_LUT4_O_I3_SB_LUT4_O_I3_SB_LUT4_O_LC.I3
Info:  0.9 45.4  Source processor.ex_mem_reg.data_out_SB_DFF_Q_62_D_SB_LUT4_O_I3_SB_LUT4_O_I3_SB_LUT4_O_LC.O
Info:  1.8 47.2    Net processor.ex_mem_reg.data_out_SB_DFF_Q_62_D_SB_LUT4_O_I3_SB_LUT4_O_I3 budget 0.125000 ns (12,23) -> (11,23)
Info:                Sink processor.ex_mem_reg.data_out_SB_DFF_Q_62_D_SB_LUT4_O_I3_SB_LUT4_O_LC.I3
Info:  0.9 48.1  Source processor.ex_mem_reg.data_out_SB_DFF_Q_62_D_SB_LUT4_O_I3_SB_LUT4_O_LC.O
Info:  2.4 50.5    Net processor.ex_mem_reg.data_out_SB_DFF_Q_62_D_SB_LUT4_O_I3 budget -0.641000 ns (11,23) -> (10,20)
Info:                Sink processor.ex_mem_reg.data_out_SB_DFF_Q_62_D_SB_LUT4_O_LC.I3
Info:  0.9 51.4  Source processor.ex_mem_reg.data_out_SB_DFF_Q_62_D_SB_LUT4_O_LC.O
Info:  1.8 53.1    Net processor.ex_mem_reg.data_out_SB_DFF_Q_62_D budget 0.340000 ns (10,20) -> (9,19)
Info:                Sink processor.ex_mem_reg.data_out_SB_DFF_Q_66_D_SB_LUT4_I0_LC.I3
Info:  0.9 54.0  Source processor.ex_mem_reg.data_out_SB_DFF_Q_66_D_SB_LUT4_I0_LC.O
Info:  1.8 55.7    Net processor.ex_mem_reg.data_out_SB_DFF_Q_66_D_SB_LUT4_I0_O budget -0.356000 ns (9,19) -> (8,20)
Info:                Sink data_mem_inst.addr_buf_SB_DFFE_Q_10_D_SB_LUT4_I1_O_SB_LUT4_I3_LC.I2
Info:  1.2 57.0  Source data_mem_inst.addr_buf_SB_DFFE_Q_10_D_SB_LUT4_I1_O_SB_LUT4_I3_LC.O
Info:  1.8 58.7    Net data_mem_inst.addr_buf_SB_DFFE_Q_10_D_SB_LUT4_I1_O_SB_LUT4_I3_O budget -0.637000 ns (8,20) -> (8,20)
Info:                Sink processor.ex_mem_reg.data_out_SB_DFF_Q_63_D_SB_LUT4_I3_O_SB_LUT4_I0_LC.I2
Info:  1.2 59.9  Source processor.ex_mem_reg.data_out_SB_DFF_Q_63_D_SB_LUT4_I3_O_SB_LUT4_I0_LC.O
Info:  2.4 62.4    Net processor.ex_mem_reg.data_out_SB_DFF_Q_63_D_SB_LUT4_I3_O_SB_LUT4_I0_O budget 0.829000 ns (8,20) -> (8,19)
Info:                Sink data_mem_inst.led_reg_SB_DFFE_Q_DFFLC.CEN
Info:  0.1 62.5  Setup data_mem_inst.led_reg_SB_DFFE_Q_DFFLC.CEN
Info: 20.9 ns logic, 41.6 ns routing

Info: Max frequency for clock               'clk': 144.63 MHz (PASS at 12.00 MHz)
Info: Max frequency for clock 'clk_proc_$glb_clk': 16.79 MHz (PASS at 12.00 MHz)
Info: Max frequency for clock  'clk_cpu_$glb_clk': 17.01 MHz (PASS at 12.00 MHz)

Info: Max delay posedge clk               -> posedge clk_proc_$glb_clk: 11.63 ns
Info: Max delay posedge clk_cpu_$glb_clk  -> <async>                  : 8.12 ns
Info: Max delay posedge clk_cpu_$glb_clk  -> posedge clk_proc_$glb_clk: 56.64 ns
Info: Max delay posedge clk_proc_$glb_clk -> posedge clk              : 39.81 ns
Info: Max delay posedge clk_proc_$glb_clk -> posedge clk_cpu_$glb_clk : 62.47 ns

Info: Slack histogram:
Info:  legend: * represents 11 endpoint(s)
Info:          + represents [1,11) endpoint(s)
Info: [ 20866,  23827) |+
Info: [ 23827,  26788) |+
Info: [ 26788,  29749) |+
Info: [ 29749,  32710) |**+
Info: [ 32710,  35671) |***+
Info: [ 35671,  38632) |*+
Info: [ 38632,  41593) | 
Info: [ 41593,  44554) |+
Info: [ 44554,  47515) |*+
Info: [ 47515,  50476) |*+
Info: [ 50476,  53437) |***+
Info: [ 53437,  56398) |***********+
Info: [ 56398,  59359) |*********************+
Info: [ 59359,  62320) |***************+
Info: [ 62320,  65281) |*********************+
Info: [ 65281,  68242) |***************+
Info: [ 68242,  71203) |****************+
Info: [ 71203,  74164) |*********************+
Info: [ 74164,  77125) |********************+
Info: [ 77125,  80086) |************************************************************ 
